# JRE version: OpenJDK Runtime Environment (21.0.5) (build 21.0.5+-12932927-b750.29)
# Java VM: OpenJDK 64-Bit Server VM (21.0.5+-12932927-b750.29, mixed mode, tiered, compressed oops, compressed class ptrs, g1 gc, windows-amd64)
GC Precious Log:
 CardTable entry size: 512
 Card Set container configuration: InlinePtr #cards 5 size 8 Array Of Cards #cards 12 size 40 Howl #buckets 4 coarsen threshold 1843 Howl Bitmap #cards 512 size 80 coarsen threshold 460 Card regions per heap region 1 cards per card region 2048
 CPUs: 2 total, 2 available
 Memory: 8096M
 Large Page Support: Disabled
 NUMA Support: Disabled
 Compressed Oops: Enabled (32-bit)
 Heap Region Size: 1M
 Heap Min Capacity: 8M
 Heap Initial Capacity: 128M
 Heap Max Capacity: 2G
 Pre-touch: Disabled
 Parallel Workers: 2
 Concurrent Workers: 1
 Concurrent Refinement Workers: 2
 Periodic GC: Disabled
Heap:
 garbage-first heap   total 436224K, used 216576K [0x0000000080000000, 0x0000000100000000)
  region size 1024K, 11 young (11264K), 11 survivors (11264K)
 Metaspace       used 64644K, committed 66176K, reserved 1114112K
  class space    used 8630K, committed 9408K, reserved 1048576K
GC Heap History (20 events):
Event: 105.832 GC heap after
{Heap after GC invocations=61 (full 0):
 garbage-first heap   total 208896K, used 92847K [0x0000000080000000, 0x0000000100000000)
  region size 1024K, 12 young (12288K), 12 survivors (12288K)
 Metaspace       used 64312K, committed 65856K, reserved 1114112K
  class space    used 8637K, committed 9408K, reserved 1048576K
}
Event: 106.325 GC heap before
{Heap before GC invocations=61 (full 0):
 garbage-first heap   total 208896K, used 183983K [0x0000000080000000, 0x0000000100000000)
  region size 1024K, 101 young (103424K), 12 survivors (12288K)
 Metaspace       used 64315K, committed 65856K, reserved 1114112K
  class space    used 8637K, committed 9408K, reserved 1048576K
}
Event: 106.360 GC heap after
{Heap after GC invocations=62 (full 0):
 garbage-first heap   total 208896K, used 97038K [0x0000000080000000, 0x0000000100000000)
  region size 1024K, 11 young (11264K), 11 survivors (11264K)
 Metaspace       used 64315K, committed 65856K, reserved 1114112K
  class space    used 8637K, committed 9408K, reserved 1048576K
}
Event: 107.028 GC heap before
{Heap before GC invocations=63 (full 0):
 garbage-first heap   total 208896K, used 185102K [0x0000000080000000, 0x0000000100000000)
  region size 1024K, 97 young (99328K), 11 survivors (11264K)
 Metaspace       used 64315K, committed 65856K, reserved 1114112K
  class space    used 8637K, committed 9408K, reserved 1048576K
}
Event: 107.055 GC heap after
{Heap after GC invocations=64 (full 0):
 garbage-first heap   total 208896K, used 101888K [0x0000000080000000, 0x0000000100000000)
  region size 1024K, 9 young (9216K), 9 survivors (9216K)
 Metaspace       used 64315K, committed 65856K, reserved 1114112K
  class space    used 8637K, committed 9408K, reserved 1048576K
}
Event: 107.919 GC heap before
{Heap before GC invocations=64 (full 0):
 garbage-first heap   total 208896K, used 192000K [0x0000000080000000, 0x0000000100000000)
  region size 1024K, 93 young (95232K), 9 survivors (9216K)
 Metaspace       used 64346K, committed 65920K, reserved 1114112K
  class space    used 8637K, committed 9408K, reserved 1048576K
}
Event: 108.109 GC heap after
{Heap after GC invocations=65 (full 0):
 garbage-first heap   total 242688K, used 138752K [0x0000000080000000, 0x0000000100000000)
  region size 1024K, 12 young (12288K), 12 survivors (12288K)
 Metaspace       used 64346K, committed 65920K, reserved 1114112K
  class space    used 8637K, committed 9408K, reserved 1048576K
}
Event: 108.208 GC heap before
{Heap before GC invocations=65 (full 0):
 garbage-first heap   total 242688K, used 145920K [0x0000000080000000, 0x0000000100000000)
  region size 1024K, 20 young (20480K), 12 survivors (12288K)
 Metaspace       used 64367K, committed 65920K, reserved 1114112K
  class space    used 8637K, committed 9408K, reserved 1048576K
}
Event: 108.367 GC heap after
{Heap after GC invocations=66 (full 0):
 garbage-first heap   total 436224K, used 146432K [0x0000000080000000, 0x0000000100000000)
  region size 1024K, 7 young (7168K), 7 survivors (7168K)
 Metaspace       used 64367K, committed 65920K, reserved 1114112K
  class space    used 8637K, committed 9408K, reserved 1048576K
}
Event: 109.322 GC heap before
{Heap before GC invocations=66 (full 0):
 garbage-first heap   total 436224K, used 203776K [0x0000000080000000, 0x0000000100000000)
  region size 1024K, 61 young (62464K), 7 survivors (7168K)
 Metaspace       used 64443K, committed 65984K, reserved 1114112K
  class space    used 8637K, committed 9408K, reserved 1048576K
}
Event: 109.401 GC heap after
{Heap after GC invocations=67 (full 0):
 garbage-first heap   total 436224K, used 160768K [0x0000000080000000, 0x0000000100000000)
  region size 1024K, 8 young (8192K), 8 survivors (8192K)
 Metaspace       used 64443K, committed 65984K, reserved 1114112K
  class space    used 8637K, committed 9408K, reserved 1048576K
}
Event: 110.684 GC heap before
{Heap before GC invocations=67 (full 0):
 garbage-first heap   total 436224K, used 220160K [0x0000000080000000, 0x0000000100000000)
  region size 1024K, 66 young (67584K), 8 survivors (8192K)
 Metaspace       used 64475K, committed 66048K, reserved 1114112K
  class space    used 8637K, committed 9408K, reserved 1048576K
}
Event: 110.731 GC heap after
{Heap after GC invocations=68 (full 0):
 garbage-first heap   total 436224K, used 162816K [0x0000000080000000, 0x0000000100000000)
  region size 1024K, 2 young (2048K), 2 survivors (2048K)
 Metaspace       used 64475K, committed 66048K, reserved 1114112K
  class space    used 8637K, committed 9408K, reserved 1048576K
}
Event: 111.501 GC heap before
{Heap before GC invocations=68 (full 0):
 garbage-first heap   total 436224K, used 254976K [0x0000000080000000, 0x0000000100000000)
  region size 1024K, 92 young (94208K), 2 survivors (2048K)
 Metaspace       used 64482K, committed 66048K, reserved 1114112K
  class space    used 8637K, committed 9408K, reserved 1048576K
}
Event: 111.509 GC heap after
{Heap after GC invocations=69 (full 0):
 garbage-first heap   total 436224K, used 162816K [0x0000000080000000, 0x0000000100000000)
  region size 1024K, 2 young (2048K), 2 survivors (2048K)
 Metaspace       used 64482K, committed 66048K, reserved 1114112K
  class space    used 8637K, committed 9408K, reserved 1048576K
}
Event: 112.825 GC heap before
{Heap before GC invocations=69 (full 0):
 garbage-first heap   total 436224K, used 271360K [0x0000000080000000, 0x0000000100000000)
  region size 1024K, 107 young (109568K), 2 survivors (2048K)
 Metaspace       used 64648K, committed 66176K, reserved 1114112K
  class space    used 8637K, committed 9408K, reserved 1048576K
}
Event: 113.014 GC heap after
{Heap after GC invocations=70 (full 0):
 garbage-first heap   total 436224K, used 198144K [0x0000000080000000, 0x0000000100000000)
  region size 1024K, 15 young (15360K), 15 survivors (15360K)
 Metaspace       used 64648K, committed 66176K, reserved 1114112K
  class space    used 8637K, committed 9408K, reserved 1048576K
}
Event: 114.311 GC heap before
{Heap before GC invocations=71 (full 0):
 garbage-first heap   total 436224K, used 216576K [0x0000000080000000, 0x0000000100000000)
  region size 1024K, 66 young (67584K), 15 survivors (15360K)
 Metaspace       used 64639K, committed 66176K, reserved 1114112K
  class space    used 8630K, committed 9408K, reserved 1048576K
}
Event: 114.540 GC heap after
{Heap after GC invocations=72 (full 0):
 garbage-first heap   total 436224K, used 197120K [0x0000000080000000, 0x0000000100000000)
  region size 1024K, 9 young (9216K), 9 survivors (9216K)
 Metaspace       used 64639K, committed 66176K, reserved 1114112K
  class space    used 8630K, committed 9408K, reserved 1048576K
}
Event: 115.302 GC heap before
{Heap before GC invocations=72 (full 0):
 garbage-first heap   total 436224K, used 286208K [0x0000000080000000, 0x0000000100000000)
  region size 1024K, 88 young (90112K), 9 survivors (9216K)
 Metaspace       used 64644K, committed 66176K, reserved 1114112K
  class space    used 8630K, committed 9408K, reserved 1048576K
}

